c:\users\thoma\source\repos\gbemu\tomboy\tomboycore\x64\debug\tomboycore.pch
c:\users\thoma\source\repos\gbemu\tomboy\tomboycore\x64\debug\vc142.pdb
c:\users\thoma\source\repos\gbemu\tomboy\tomboycore\x64\debug\vc142.idb
c:\users\thoma\source\repos\gbemu\tomboy\tomboycore\x64\debug\stdafx.obj
c:\users\thoma\source\repos\gbemu\tomboy\tomboycore\x64\debug\z80.obj
c:\users\thoma\source\repos\gbemu\tomboy\tomboycore\x64\debug\tomboymain.obj
c:\users\thoma\source\repos\gbemu\tomboy\tomboycore\x64\debug\systemserialize.obj
c:\users\thoma\source\repos\gbemu\tomboy\tomboycore\x64\debug\bitmap.obj
c:\users\thoma\source\repos\gbemu\tomboy\tomboycore\x64\debug\gbsystem.obj
c:\users\thoma\source\repos\gbemu\tomboy\tomboycore\x64\debug\debug.obj
c:\users\thoma\source\repos\gbemu\tomboy\tomboycore\x64\debug\command.obj
c:\users\thoma\source\repos\gbemu\tomboy\x64\debug\tomboycore.exe
c:\users\thoma\source\repos\gbemu\tomboy\x64\debug\tomboycore.ilk
c:\users\thoma\source\repos\gbemu\tomboy\x64\debug\tomboycore.pdb
c:\users\thoma\source\repos\gbemu\tomboy\tomboycore\x64\debug\command.obj.enc
c:\users\thoma\source\repos\gbemu\tomboy\tomboycore\x64\debug\debug.obj.enc
c:\users\thoma\source\repos\gbemu\tomboy\tomboycore\x64\debug\gbsystem.obj.enc
c:\users\thoma\source\repos\gbemu\tomboy\tomboycore\x64\debug\systemserialize.obj.enc
c:\users\thoma\source\repos\gbemu\tomboy\tomboycore\x64\debug\tomboymain.obj.enc
c:\users\thoma\source\repos\gbemu\tomboy\tomboycore\x64\debug\z80.obj.enc
c:\users\thoma\source\repos\gbemu\tomboy\tomboycore\x64\debug\tomboycore.tlog\cl.command.1.tlog
c:\users\thoma\source\repos\gbemu\tomboy\tomboycore\x64\debug\tomboycore.tlog\cl.read.1.tlog
c:\users\thoma\source\repos\gbemu\tomboy\tomboycore\x64\debug\tomboycore.tlog\cl.write.1.tlog
c:\users\thoma\source\repos\gbemu\tomboy\tomboycore\x64\debug\tomboycore.tlog\link.command.1.tlog
c:\users\thoma\source\repos\gbemu\tomboy\tomboycore\x64\debug\tomboycore.tlog\link.read.1.tlog
c:\users\thoma\source\repos\gbemu\tomboy\tomboycore\x64\debug\tomboycore.tlog\link.write.1.tlog
