c:\users\thoma\source\repos\gbemu\tomboy\tomboycore\x64\release\tomboycore.pch
c:\users\thoma\source\repos\gbemu\tomboy\tomboycore\x64\release\vc142.pdb
c:\users\thoma\source\repos\gbemu\tomboy\tomboycore\x64\release\stdafx.obj
c:\users\thoma\source\repos\gbemu\tomboy\tomboycore\x64\release\z80.obj
c:\users\thoma\source\repos\gbemu\tomboy\tomboycore\x64\release\tomboymain.obj
c:\users\thoma\source\repos\gbemu\tomboy\tomboycore\x64\release\systemserialize.obj
c:\users\thoma\source\repos\gbemu\tomboy\tomboycore\x64\release\serializer.obj
c:\users\thoma\source\repos\gbemu\tomboy\tomboycore\x64\release\ppu.obj
c:\users\thoma\source\repos\gbemu\tomboy\tomboycore\x64\release\nessystem.obj
c:\users\thoma\source\repos\gbemu\tomboy\tomboycore\x64\release\bitmap.obj
c:\users\thoma\source\repos\gbemu\tomboy\tomboycore\x64\release\mos6502.obj
c:\users\thoma\source\repos\gbemu\tomboy\tomboycore\x64\release\debug.obj
c:\users\thoma\source\repos\gbemu\tomboy\tomboycore\x64\release\command.obj
c:\users\thoma\source\repos\gbemu\tomboy\tomboycore\x64\release\apu.obj
c:\users\thoma\source\repos\gbemu\tomboy\x64\release\tomboycore.exe
c:\users\thoma\source\repos\gbemu\tomboy\x64\release\tomboycore.pdb
c:\users\thoma\source\repos\gbemu\tomboy\x64\release\tomboycore.ipdb
c:\users\thoma\source\repos\gbemu\tomboy\x64\release\tomboycore.iobj
c:\users\thoma\source\repos\gbemu\tomboy\tomboycore\x64\release\tomboycore.tlog\cl.command.1.tlog
c:\users\thoma\source\repos\gbemu\tomboy\tomboycore\x64\release\tomboycore.tlog\cl.read.1.tlog
c:\users\thoma\source\repos\gbemu\tomboy\tomboycore\x64\release\tomboycore.tlog\cl.write.1.tlog
c:\users\thoma\source\repos\gbemu\tomboy\tomboycore\x64\release\tomboycore.tlog\link.command.1.tlog
c:\users\thoma\source\repos\gbemu\tomboy\tomboycore\x64\release\tomboycore.tlog\link.read.1.tlog
c:\users\thoma\source\repos\gbemu\tomboy\tomboycore\x64\release\tomboycore.tlog\link.write.1.tlog
c:\users\thoma\source\repos\gbemu\tomboy\tomboycore\x64\release\tomboycore.tlog\tomboycore.write.1u.tlog
