c:\users\thoma\source\repos\gbemu\tomboy\tomboyapp\x64\debug\tomboyapp.pch
c:\users\thoma\source\repos\gbemu\tomboy\tomboyapp\x64\debug\vc142.pdb
c:\users\thoma\source\repos\gbemu\tomboy\tomboyapp\x64\debug\vc142.idb
c:\users\thoma\source\repos\gbemu\tomboy\tomboyapp\x64\debug\stdafx.obj
c:\users\thoma\source\repos\gbemu\tomboy\tomboyapp\x64\debug\tomboyapp_dx12.obj
c:\users\thoma\source\repos\gbemu\tomboy\tomboyapp\x64\debug\tomboyapp.obj
c:\users\thoma\source\repos\gbemu\tomboy\tomboyapp\x64\debug\test.obj
c:\users\thoma\source\repos\gbemu\tomboy\tomboyapp\x64\debug\renderer_dx12.obj
c:\users\thoma\source\repos\gbemu\tomboy\tomboyapp\x64\debug\imgui_widgets.obj
c:\users\thoma\source\repos\gbemu\tomboy\tomboyapp\x64\debug\imgui_impl_win32.obj
c:\users\thoma\source\repos\gbemu\tomboy\tomboyapp\x64\debug\imgui_impl_dx12.obj
c:\users\thoma\source\repos\gbemu\tomboy\tomboyapp\x64\debug\imgui_draw.obj
c:\users\thoma\source\repos\gbemu\tomboy\tomboyapp\x64\debug\imgui_demo.obj
c:\users\thoma\source\repos\gbemu\tomboy\tomboyapp\x64\debug\imgui.obj
c:\users\thoma\source\repos\gbemu\tomboy\tomboyapp\x64\debug\imguidisplay.obj
c:\users\thoma\source\repos\gbemu\tomboy\tomboyapp\x64\debug\audioengine.obj
c:\users\thoma\source\repos\gbemu\tomboy\x64\debug\tomboyapp.pdb
c:\users\thoma\source\repos\gbemu\tomboy\tomboyapp\x64\debug\tomboyapp.tlog\cl.command.1.tlog
c:\users\thoma\source\repos\gbemu\tomboy\tomboyapp\x64\debug\tomboyapp.tlog\cl.read.1.tlog
c:\users\thoma\source\repos\gbemu\tomboy\tomboyapp\x64\debug\tomboyapp.tlog\cl.write.1.tlog
c:\users\thoma\source\repos\gbemu\tomboy\tomboyapp\x64\debug\tomboyapp.tlog\link-cvtres.read.1.tlog
c:\users\thoma\source\repos\gbemu\tomboy\tomboyapp\x64\debug\tomboyapp.tlog\link-cvtres.write.1.tlog
c:\users\thoma\source\repos\gbemu\tomboy\tomboyapp\x64\debug\tomboyapp.tlog\link-rc.read.1.tlog
c:\users\thoma\source\repos\gbemu\tomboy\tomboyapp\x64\debug\tomboyapp.tlog\link-rc.write.1.tlog
c:\users\thoma\source\repos\gbemu\tomboy\tomboyapp\x64\debug\tomboyapp.tlog\link.command.1.tlog
c:\users\thoma\source\repos\gbemu\tomboy\tomboyapp\x64\debug\tomboyapp.tlog\link.read.1.tlog
c:\users\thoma\source\repos\gbemu\tomboy\tomboyapp\x64\debug\tomboyapp.tlog\link.write.1.tlog
c:\users\thoma\source\repos\gbemu\tomboy\tomboyapp\x64\debug\tomboyapp.tlog\rc.command.1.tlog
c:\users\thoma\source\repos\gbemu\tomboy\tomboyapp\x64\debug\tomboyapp.tlog\rc.write.1.tlog
