  audioEngine.cpp
C:\Users\thoma\source\repos\gbEmu\tomBoy\tomboyApp\tomboyApp.h(112,28): error C3646: 'frameResult': unknown override specifier
C:\Users\thoma\source\repos\gbEmu\tomBoy\tomboyApp\tomboyApp.h(112,28): error C2143: syntax error: missing ',' before '['
C:\Users\thoma\source\repos\gbEmu\tomBoy\tomboyApp\tomboyApp.h(112,48): error C2238: unexpected token(s) preceding ';'
C:\Users\thoma\source\repos\gbEmu\tomBoy\tomboyApp\tomboyApp.h(115,35): error C3646: 'currentSoundBuffer': unknown override specifier
C:\Users\thoma\source\repos\gbEmu\tomBoy\tomboyApp\tomboyApp.h(115,35): error C4430: missing type specifier - int assumed. Note: C++ does not support default-int
C:\Users\thoma\source\repos\gbEmu\tomBoy\tomboyApp\tomboyApp.h(82,3): error C2065: 'currentSoundBuffer': undeclared identifier
C:\Users\thoma\source\repos\gbEmu\tomBoy\tomboyApp\tomboyApp.h(211,21): error C4430: missing type specifier - int assumed. Note: C++ does not support default-int
C:\Users\thoma\source\repos\gbEmu\tomBoy\tomboyApp\tomboyApp.h(211,21): error C2143: syntax error: missing ';' before '*'
C:\Users\thoma\source\repos\gbEmu\tomBoy\tomboyApp\tomboyApp.h(211,23): error C2065: 'quque': undeclared identifier
C:\Users\thoma\source\repos\gbEmu\tomBoy\tomboyApp\tomboyApp.h(211,61): error C2061: syntax error: identifier 'wtSampleQueue'
C:\Users\thoma\source\repos\gbEmu\tomBoy\tomboyApp\tomboyApp.h(212,9): error C2065: 'quque': undeclared identifier
  imguiDisplay.cpp
C:\Users\thoma\source\repos\gbEmu\tomBoy\tomboyApp\tomboyApp.h(112,28): error C3646: 'frameResult': unknown override specifier
C:\Users\thoma\source\repos\gbEmu\tomBoy\tomboyApp\tomboyApp.h(112,28): error C2143: syntax error: missing ',' before '['
C:\Users\thoma\source\repos\gbEmu\tomBoy\tomboyApp\tomboyApp.h(112,48): error C2238: unexpected token(s) preceding ';'
C:\Users\thoma\source\repos\gbEmu\tomBoy\tomboyApp\tomboyApp.h(115,35): error C3646: 'currentSoundBuffer': unknown override specifier
C:\Users\thoma\source\repos\gbEmu\tomBoy\tomboyApp\tomboyApp.h(115,35): error C4430: missing type specifier - int assumed. Note: C++ does not support default-int
C:\Users\thoma\source\repos\gbEmu\tomBoy\tomboyApp\tomboyApp.h(82,3): error C2065: 'currentSoundBuffer': undeclared identifier
C:\Users\thoma\source\repos\gbEmu\tomBoy\tomboyApp\tomboyApp.h(211,21): error C4430: missing type specifier - int assumed. Note: C++ does not support default-int
C:\Users\thoma\source\repos\gbEmu\tomBoy\tomboyApp\tomboyApp.h(211,21): error C2143: syntax error: missing ';' before '*'
C:\Users\thoma\source\repos\gbEmu\tomBoy\tomboyApp\tomboyApp.h(211,23): error C2065: 'quque': undeclared identifier
C:\Users\thoma\source\repos\gbEmu\tomBoy\tomboyApp\tomboyApp.h(211,61): error C2061: syntax error: identifier 'wtSampleQueue'
C:\Users\thoma\source\repos\gbEmu\tomBoy\tomboyApp\tomboyApp.h(212,9): error C2065: 'quque': undeclared identifier
C:\Users\thoma\source\repos\gbEmu\tomBoy\tomboyApp\renderer_d3d12.h(81,36): error C2653: 'PPU': is not a class or namespace name
C:\Users\thoma\source\repos\gbEmu\tomBoy\tomboyApp\renderer_d3d12.h(81,41): error C2065: 'ScreenWidth': undeclared identifier
C:\Users\thoma\source\repos\gbEmu\tomBoy\tomboyApp\renderer_d3d12.h(81,41): error C2131: expression did not evaluate to a constant
C:\Users\thoma\source\repos\gbEmu\tomBoy\tomboyApp\renderer_d3d12.h(81,41): message : a non-constant (sub-)expression was encountered
C:\Users\thoma\source\repos\gbEmu\tomBoy\tomboyApp\renderer_d3d12.h(82,37): error C2653: 'PPU': is not a class or namespace name
C:\Users\thoma\source\repos\gbEmu\tomBoy\tomboyApp\renderer_d3d12.h(82,42): error C2065: 'ScreenHeight': undeclared identifier
C:\Users\thoma\source\repos\gbEmu\tomBoy\tomboyApp\renderer_d3d12.h(82,42): error C2131: expression did not evaluate to a constant
C:\Users\thoma\source\repos\gbEmu\tomBoy\tomboyApp\renderer_d3d12.h(82,42): message : a non-constant (sub-)expression was encountered
C:\Users\thoma\source\repos\gbEmu\tomBoy\tomboyApp\renderer_d3d12.h(84,56): error C2653: 'PPU': is not a class or namespace name
C:\Users\thoma\source\repos\gbEmu\tomBoy\tomboyApp\renderer_d3d12.h(84,61): error C2065: 'ScreenHeight': undeclared identifier
C:\Users\thoma\source\repos\gbEmu\tomBoy\tomboyApp\renderer_d3d12.h(87,65): error C2131: expression did not evaluate to a constant
C:\Users\thoma\source\repos\gbEmu\tomBoy\tomboyApp\renderer_d3d12.h(87,56): message : failure was caused by non-constant arguments or reference to a non-constant symbol
C:\Users\thoma\source\repos\gbEmu\tomBoy\tomboyApp\renderer_d3d12.h(87,56): message : see usage of 'nesWidth'
C:\Users\thoma\source\repos\gbEmu\tomBoy\tomboyApp\renderer_d3d12.h(88,67): error C2131: expression did not evaluate to a constant
C:\Users\thoma\source\repos\gbEmu\tomBoy\tomboyApp\renderer_d3d12.h(88,57): message : failure was caused by non-constant arguments or reference to a non-constant symbol
C:\Users\thoma\source\repos\gbEmu\tomBoy\tomboyApp\renderer_d3d12.h(88,57): message : see usage of 'nesHeight'
C:\Users\thoma\source\repos\gbEmu\tomBoy\tomboyApp\imguiDisplay.cpp(16,2): error C2065: 'wtSampleQueue': undeclared identifier
C:\Users\thoma\source\repos\gbEmu\tomBoy\tomboyApp\imguiDisplay.cpp(16,17): error C2955: 'std::queue': use of class template requires template argument list
C:\Program Files (x86)\Microsoft Visual Studio\2019\Community\VC\Tools\MSVC\14.28.29333\include\queue(58): message : see declaration of 'std::queue'
C:\Users\thoma\source\repos\gbEmu\tomBoy\tomboyApp\imguiDisplay.cpp(16,55): error C2061: syntax error: identifier 'wtSampleQueue'
C:\Users\thoma\source\repos\gbEmu\tomBoy\tomboyApp\imguiDisplay.cpp(17,9): error C2955: 'std::queue': use of class template requires template argument list
C:\Program Files (x86)\Microsoft Visual Studio\2019\Community\VC\Tools\MSVC\14.28.29333\include\queue(58): message : see declaration of 'std::queue'
C:\Users\thoma\source\repos\gbEmu\tomBoy\tomboyApp\imguiDisplay.cpp(23,38): error C2440: 'initializing': cannot convert from 'GameboySystem' to 'wtSystem &'
C:\Users\thoma\source\repos\gbEmu\tomBoy\tomboyApp\imguiDisplay.cpp(50,2): error C2065: 'wtFrameResult': undeclared identifier
C:\Users\thoma\source\repos\gbEmu\tomBoy\tomboyApp\imguiDisplay.cpp(50,17): error C2065: 'fr': undeclared identifier
C:\Users\thoma\source\repos\gbEmu\tomBoy\tomboyApp\imguiDisplay.cpp(50,28): error C2039: 'frameResult': is not a member of 'wtAppInterface'
C:\Users\thoma\source\repos\gbEmu\tomBoy\tomboyApp\tomboyApp.h(62): message : see declaration of 'wtAppInterface'
C:\Users\thoma\source\repos\gbEmu\tomBoy\tomboyApp\imguiDisplay.cpp(52,27): error C2065: 'fr': undeclared identifier
C:\Users\thoma\source\repos\gbEmu\tomBoy\tomboyApp\imguiDisplay.cpp(56,32): error C2065: 'fr': undeclared identifier
C:\Users\thoma\source\repos\gbEmu\tomBoy\tomboyApp\imguiDisplay.cpp(56,65): error C2065: 'fr': undeclared identifier
C:\Users\thoma\source\repos\gbEmu\tomBoy\tomboyApp\imguiDisplay.cpp(56,28): error C2789: 'avgFrameTime': an object of const-qualified type must be initialized
C:\Users\thoma\source\repos\gbEmu\tomBoy\tomboyApp\imguiDisplay.cpp(56): message : see declaration of 'avgFrameTime'
C:\Users\thoma\source\repos\gbEmu\tomBoy\tomboyApp\imguiDisplay.cpp(64,29): error C2065: 'fr': undeclared identifier
C:\Users\thoma\source\repos\gbEmu\tomBoy\tomboyApp\imguiDisplay.cpp(65,29): error C2065: 'fr': undeclared identifier
C:\Users\thoma\source\repos\gbEmu\tomBoy\tomboyApp\imguiDisplay.cpp(66,29): error C2065: 'fr': undeclared identifier
C:\Users\thoma\source\repos\gbEmu\tomBoy\tomboyApp\imguiDisplay.cpp(67,30): error C2065: 'fr': undeclared identifier
C:\Users\thoma\source\repos\gbEmu\tomBoy\tomboyApp\imguiDisplay.cpp(68,30): error C2065: 'fr': undeclared identifier
C:\Users\thoma\source\repos\gbEmu\tomBoy\tomboyApp\imguiDisplay.cpp(69,33): error C2065: 'fr': undeclared identifier
C:\Users\thoma\source\repos\gbEmu\tomBoy\tomboyApp\imguiDisplay.cpp(72,32): error C2065: 'fr': undeclared identifier
C:\Users\thoma\source\repos\gbEmu\tomBoy\tomboyApp\imguiDisplay.cpp(73,31): error C2065: 'fr': undeclared identifier
C:\Users\thoma\source\repos\gbEmu\tomBoy\tomboyApp\imguiDisplay.cpp(74,35): error C2065: 'fr': undeclared identifier
C:\Users\thoma\source\repos\gbEmu\tomBoy\tomboyApp\imguiDisplay.cpp(75,34): error C2065: 'fr': undeclared identifier
C:\Users\thoma\source\repos\gbEmu\tomBoy\tomboyApp\imguiDisplay.cpp(76,33): error C2065: 'fr': undeclared identifier
C:\Users\thoma\source\repos\gbEmu\tomBoy\tomboyApp\imguiDisplay.cpp(77,32): error C2065: 'fr': undeclared identifier
C:\Users\thoma\source\repos\gbEmu\tomBoy\tomboyApp\imguiDisplay.cpp(78,34): error C2065: 'fr': undeclared identifier
C:\Users\thoma\source\repos\gbEmu\tomBoy\tomboyApp\imguiDisplay.cpp(79,34): error C2065: 'fr': undeclared identifier
C:\Users\thoma\source\repos\gbEmu\tomBoy\tomboyApp\imguiDisplay.cpp(86,39): error C2065: 'fr': undeclared identifier
C:\Users\thoma\source\repos\gbEmu\tomBoy\tomboyApp\imguiDisplay.cpp(87,39): error C2065: 'fr': undeclared identifier
C:\Users\thoma\source\repos\gbEmu\tomBoy\tomboyApp\imguiDisplay.cpp(88,38): error C2065: 'fr': undeclared identifier
C:\Users\thoma\source\repos\gbEmu\tomBoy\tomboyApp\imguiDisplay.cpp(89,36): error C2065: 'fr': undeclared identifier
C:\Users\thoma\source\repos\gbEmu\tomBoy\tomboyApp\imguiDisplay.cpp(90,35): error C2065: 'fr': undeclared identifier
C:\Users\thoma\source\repos\gbEmu\tomBoy\tomboyApp\imguiDisplay.cpp(92,35): error C2065: 'fr': undeclared identifier
C:\Users\thoma\source\repos\gbEmu\tomBoy\tomboyApp\imguiDisplay.cpp(93,38): error C2065: 'fr': undeclared identifier
C:\Users\thoma\source\repos\gbEmu\tomBoy\tomboyApp\imguiDisplay.cpp(94,38): error C2065: 'fr': undeclared identifier
C:\Users\thoma\source\repos\gbEmu\tomBoy\tomboyApp\imguiDisplay.cpp(95,37): error C2065: 'fr': undeclared identifier
C:\Users\thoma\source\repos\gbEmu\tomBoy\tomboyApp\imguiDisplay.cpp(96,37): error C2065: 'fr': undeclared identifier
C:\Users\thoma\source\repos\gbEmu\tomBoy\tomboyApp\imguiDisplay.cpp(102,26): error C2065: 'fr': undeclared identifier
C:\Users\thoma\source\repos\gbEmu\tomBoy\tomboyApp\imguiDisplay.cpp(127,15): error C2027: use of undefined type 'wtSystem'
C:\Users\thoma\source\repos\gbEmu\tomBoy\tomboyCore\interface.h(37): message : see declaration of 'wtSystem'
C:\Users\thoma\source\repos\gbEmu\tomBoy\tomboyApp\imguiDisplay.cpp(153,47): error C2065: 'fr': undeclared identifier
C:\Users\thoma\source\repos\gbEmu\tomBoy\tomboyApp\imguiDisplay.cpp(154,46): error C2065: 'fr': undeclared identifier
C:\Users\thoma\source\repos\gbEmu\tomBoy\tomboyApp\imguiDisplay.cpp(155,45): error C2065: 'fr': undeclared identifier
C:\Users\thoma\source\repos\gbEmu\tomBoy\tomboyApp\imguiDisplay.cpp(155,68): error C2065: 'fr': undeclared identifier
C:\Users\thoma\source\repos\gbEmu\tomBoy\tomboyApp\imguiDisplay.cpp(156,43): error C2065: 'fr': undeclared identifier
C:\Users\thoma\source\repos\gbEmu\tomBoy\tomboyApp\imguiDisplay.cpp(160,45): error C2065: 'fr': undeclared identifier
C:\Users\thoma\source\repos\gbEmu\tomBoy\tomboyApp\imguiDisplay.cpp(161,52): error C2065: 'fr': undeclared identifier
C:\Users\thoma\source\repos\gbEmu\tomBoy\tomboyApp\imguiDisplay.cpp(162,50): error C2065: 'fr': undeclared identifier
C:\Users\thoma\source\repos\gbEmu\tomBoy\tomboyApp\imguiDisplay.cpp(163,47): error C2065: 'fr': undeclared identifier
C:\Users\thoma\source\repos\gbEmu\tomBoy\tomboyApp\imguiDisplay.cpp(164,48): error C2065: 'fr': undeclared identifier
C:\Users\thoma\source\repos\gbEmu\tomBoy\tomboyApp\imguiDisplay.cpp(164,81): error C2065: 'fr': undeclared identifier
C:\Users\thoma\source\repos\gbEmu\tomBoy\tomboyApp\imguiDisplay.cpp(167,45): error C2065: 'fr': undeclared identifier
C:\Users\thoma\source\repos\gbEmu\tomBoy\tomboyApp\imguiDisplay.cpp(168,10): error C2065: 'fr': undeclared identifier
C:\Users\thoma\source\repos\gbEmu\tomBoy\tomboyApp\imguiDisplay.cpp(172,47): error C2065: 'fr': undeclared identifier
C:\Users\thoma\source\repos\gbEmu\tomBoy\tomboyApp\imguiDisplay.cpp(183,46): error C2065: 'fr': undeclared identifier
C:\Users\thoma\source\repos\gbEmu\tomBoy\tomboyApp\imguiDisplay.cpp(183,94): error C2065: 'fr': undeclared identifier
C:\Users\thoma\source\repos\gbEmu\tomBoy\tomboyApp\imguiDisplay.cpp(192,15): error C2027: use of undefined type 'wtSystem'
C:\Users\thoma\source\repos\gbEmu\tomBoy\tomboyCore\interface.h(37): message : see declaration of 'wtSystem'
C:\Users\thoma\source\repos\gbEmu\tomBoy\tomboyApp\imguiDisplay.cpp(200,15): error C2027: use of undefined type 'wtSystem'
C:\Users\thoma\source\repos\gbEmu\tomBoy\tomboyCore\interface.h(37): message : see declaration of 'wtSystem'
C:\Users\thoma\source\repos\gbEmu\tomBoy\tomboyApp\imguiDisplay.cpp(208,15): error C2027: use of undefined type 'wtSystem'
C:\Users\thoma\source\repos\gbEmu\tomBoy\tomboyCore\interface.h(37): message : see declaration of 'wtSystem'
C:\Users\thoma\source\repos\gbEmu\tomBoy\tomboyApp\imguiDisplay.cpp(210,6): error C2065: 'fr': undeclared identifier
C:\Users\thoma\source\repos\gbEmu\tomBoy\tomboyApp\imguiDisplay.cpp(220,15): error C2027: use of undefined type 'wtSystem'
C:\Users\thoma\source\repos\gbEmu\tomBoy\tomboyCore\interface.h(37): message : see declaration of 'wtSystem'
C:\Users\thoma\source\repos\gbEmu\tomBoy\tomboyApp\imguiDisplay.cpp(222,6): error C2065: 'fr': undeclared identifier
C:\Users\thoma\source\repos\gbEmu\tomBoy\tomboyApp\imguiDisplay.cpp(230,30): error C2065: 'fr': undeclared identifier
C:\Users\thoma\source\repos\gbEmu\tomBoy\tomboyApp\imguiDisplay.cpp(232,15): error C2027: use of undefined type 'wtSystem'
C:\Users\thoma\source\repos\gbEmu\tomBoy\tomboyCore\interface.h(37): message : see declaration of 'wtSystem'
C:\Users\thoma\source\repos\gbEmu\tomBoy\tomboyApp\imguiDisplay.cpp(242,15): error C2027: use of undefined type 'wtSystem'
C:\Users\thoma\source\repos\gbEmu\tomBoy\tomboyCore\interface.h(37): message : see declaration of 'wtSystem'
C:\Users\thoma\source\repos\gbEmu\tomBoy\tomboyApp\imguiDisplay.cpp(249,30): error C2065: 'fr': undeclared identifier
C:\Users\thoma\source\repos\gbEmu\tomBoy\tomboyApp\imguiDisplay.cpp(249,69): error C2065: 'fr': undeclared identifier
C:\Users\thoma\source\repos\gbEmu\tomBoy\tomboyApp\imguiDisplay.cpp(251,15): error C2027: use of undefined type 'wtSystem'
C:\Users\thoma\source\repos\gbEmu\tomBoy\tomboyCore\interface.h(37): message : see declaration of 'wtSystem'
C:\Users\thoma\source\repos\gbEmu\tomBoy\tomboyApp\imguiDisplay.cpp(258,32): error C2065: 'fr': undeclared identifier
C:\Users\thoma\source\repos\gbEmu\tomBoy\tomboyApp\imguiDisplay.cpp(260,15): error C2027: use of undefined type 'wtSystem'
C:\Users\thoma\source\repos\gbEmu\tomBoy\tomboyCore\interface.h(37): message : see declaration of 'wtSystem'
C:\Users\thoma\source\repos\gbEmu\tomBoy\tomboyApp\imguiDisplay.cpp(263,10): error C2065: 'fr': undeclared identifier
C:\Users\thoma\source\repos\gbEmu\tomBoy\tomboyApp\imguiDisplay.cpp(265,53): error C2065: 'fr': undeclared identifier
C:\Users\thoma\source\repos\gbEmu\tomBoy\tomboyApp\imguiDisplay.cpp(265,33): error C2789: 'displayFrame': an object of const-qualified type must be initialized
C:\Users\thoma\source\repos\gbEmu\tomBoy\tomboyApp\imguiDisplay.cpp(265): message : see declaration of 'displayFrame'
C:\Users\thoma\source\repos\gbEmu\tomBoy\tomboyApp\imguiDisplay.cpp(266,52): error C2065: 'fr': undeclared identifier
C:\Users\thoma\source\repos\gbEmu\tomBoy\tomboyApp\imguiDisplay.cpp(266,30): error C2789: 'maxFrames': an object of const-qualified type must be initialized
C:\Users\thoma\source\repos\gbEmu\tomBoy\tomboyApp\imguiDisplay.cpp(266): message : see declaration of 'maxFrames'
C:\Users\thoma\source\repos\gbEmu\tomBoy\tomboyApp\imguiDisplay.cpp(268,52): error C2065: 'fr': undeclared identifier
C:\Users\thoma\source\repos\gbEmu\tomBoy\tomboyApp\imguiDisplay.cpp(268,67): error C2660: 'ImGui::SliderInt': function does not take 3 arguments
C:\Users\thoma\source\repos\gbEmu\tomBoy\tomboyApp\imgui\imgui.h(487,29): message : see declaration of 'ImGui::SliderInt'
C:\Users\thoma\source\repos\gbEmu\tomBoy\tomboyApp\imguiDisplay.cpp(270,25): error C2065: 'fr': undeclared identifier
C:\Users\thoma\source\repos\gbEmu\tomBoy\tomboyApp\imguiDisplay.cpp(278,16): error C2027: use of undefined type 'wtSystem'
C:\Users\thoma\source\repos\gbEmu\tomBoy\tomboyCore\interface.h(37): message : see declaration of 'wtSystem'
C:\Users\thoma\source\repos\gbEmu\tomBoy\tomboyApp\imguiDisplay.cpp(286,30): error C2065: 'fr': undeclared identifier
C:\Users\thoma\source\repos\gbEmu\tomBoy\tomboyApp\imguiDisplay.cpp(286,61): error C2065: 'fr': undeclared identifier
C:\Users\thoma\source\repos\gbEmu\tomBoy\tomboyApp\imguiDisplay.cpp(298,43): error C2065: 'fr': undeclared identifier
C:\Users\thoma\source\repos\gbEmu\tomBoy\tomboyApp\imguiDisplay.cpp(307,43): error C2065: 'fr': undeclared identifier
C:\Users\thoma\source\repos\gbEmu\tomBoy\tomboyApp\imguiDisplay.cpp(334,26): error C2065: 'fr': undeclared identifier
C:\Users\thoma\source\repos\gbEmu\tomBoy\tomboyApp\imguiDisplay.cpp(334,28): fatal error C1003: error count exceeds 100; stopping compilation
  renderer_dx12.cpp
C:\Users\thoma\source\repos\gbEmu\tomBoy\tomboyApp\tomboyApp.h(112,28): error C3646: 'frameResult': unknown override specifier
C:\Users\thoma\source\repos\gbEmu\tomBoy\tomboyApp\tomboyApp.h(112,28): error C2143: syntax error: missing ',' before '['
C:\Users\thoma\source\repos\gbEmu\tomBoy\tomboyApp\tomboyApp.h(112,48): error C2238: unexpected token(s) preceding ';'
C:\Users\thoma\source\repos\gbEmu\tomBoy\tomboyApp\tomboyApp.h(115,35): error C3646: 'currentSoundBuffer': unknown override specifier
C:\Users\thoma\source\repos\gbEmu\tomBoy\tomboyApp\tomboyApp.h(115,35): error C4430: missing type specifier - int assumed. Note: C++ does not support default-int
C:\Users\thoma\source\repos\gbEmu\tomBoy\tomboyApp\tomboyApp.h(82,3): error C2065: 'currentSoundBuffer': undeclared identifier
C:\Users\thoma\source\repos\gbEmu\tomBoy\tomboyApp\tomboyApp.h(211,21): error C4430: missing type specifier - int assumed. Note: C++ does not support default-int
C:\Users\thoma\source\repos\gbEmu\tomBoy\tomboyApp\tomboyApp.h(211,21): error C2143: syntax error: missing ';' before '*'
C:\Users\thoma\source\repos\gbEmu\tomBoy\tomboyApp\tomboyApp.h(211,23): error C2065: 'quque': undeclared identifier
C:\Users\thoma\source\repos\gbEmu\tomBoy\tomboyApp\tomboyApp.h(211,61): error C2061: syntax error: identifier 'wtSampleQueue'
C:\Users\thoma\source\repos\gbEmu\tomBoy\tomboyApp\tomboyApp.h(212,9): error C2065: 'quque': undeclared identifier
C:\Users\thoma\source\repos\gbEmu\tomBoy\tomboyApp\renderer_d3d12.h(81,36): error C2653: 'PPU': is not a class or namespace name
C:\Users\thoma\source\repos\gbEmu\tomBoy\tomboyApp\renderer_d3d12.h(81,41): error C2065: 'ScreenWidth': undeclared identifier
C:\Users\thoma\source\repos\gbEmu\tomBoy\tomboyApp\renderer_d3d12.h(81,41): error C2131: expression did not evaluate to a constant
C:\Users\thoma\source\repos\gbEmu\tomBoy\tomboyApp\renderer_d3d12.h(81,41): message : a non-constant (sub-)expression was encountered
C:\Users\thoma\source\repos\gbEmu\tomBoy\tomboyApp\renderer_d3d12.h(82,37): error C2653: 'PPU': is not a class or namespace name
C:\Users\thoma\source\repos\gbEmu\tomBoy\tomboyApp\renderer_d3d12.h(82,42): error C2065: 'ScreenHeight': undeclared identifier
C:\Users\thoma\source\repos\gbEmu\tomBoy\tomboyApp\renderer_d3d12.h(82,42): error C2131: expression did not evaluate to a constant
C:\Users\thoma\source\repos\gbEmu\tomBoy\tomboyApp\renderer_d3d12.h(82,42): message : a non-constant (sub-)expression was encountered
C:\Users\thoma\source\repos\gbEmu\tomBoy\tomboyApp\renderer_d3d12.h(84,56): error C2653: 'PPU': is not a class or namespace name
C:\Users\thoma\source\repos\gbEmu\tomBoy\tomboyApp\renderer_d3d12.h(84,61): error C2065: 'ScreenHeight': undeclared identifier
C:\Users\thoma\source\repos\gbEmu\tomBoy\tomboyApp\renderer_d3d12.h(87,65): error C2131: expression did not evaluate to a constant
C:\Users\thoma\source\repos\gbEmu\tomBoy\tomboyApp\renderer_d3d12.h(87,56): message : failure was caused by non-constant arguments or reference to a non-constant symbol
C:\Users\thoma\source\repos\gbEmu\tomBoy\tomboyApp\renderer_d3d12.h(87,56): message : see usage of 'nesWidth'
C:\Users\thoma\source\repos\gbEmu\tomBoy\tomboyApp\renderer_d3d12.h(88,67): error C2131: expression did not evaluate to a constant
C:\Users\thoma\source\repos\gbEmu\tomBoy\tomboyApp\renderer_d3d12.h(88,57): message : failure was caused by non-constant arguments or reference to a non-constant symbol
C:\Users\thoma\source\repos\gbEmu\tomBoy\tomboyApp\renderer_d3d12.h(88,57): message : see usage of 'nesHeight'
C:\Users\thoma\source\repos\gbEmu\tomBoy\tomboyApp\renderer_dx12.cpp(210,52): error C2398: Element '3': conversion from 'const int32_t' to 'float' requires a narrowing conversion
C:\Users\thoma\source\repos\gbEmu\tomBoy\tomboyApp\renderer_dx12.cpp(210,67): error C2398: Element '4': conversion from 'const int32_t' to 'float' requires a narrowing conversion
C:\Users\thoma\source\repos\gbEmu\tomBoy\tomboyApp\renderer_dx12.cpp(210,67): warning C4244: 'argument': conversion from 'const int32_t' to 'float', possible loss of data
C:\Users\thoma\source\repos\gbEmu\tomBoy\tomboyApp\renderer_dx12.cpp(210,52): warning C4244: 'argument': conversion from 'const int32_t' to 'float', possible loss of data
C:\Users\thoma\source\repos\gbEmu\tomBoy\tomboyApp\renderer_dx12.cpp(211,70): error C2398: Element '3': conversion from 'int32_t' to 'float' requires a narrowing conversion
C:\Users\thoma\source\repos\gbEmu\tomBoy\tomboyApp\renderer_dx12.cpp(211,92): error C2398: Element '4': conversion from 'const int32_t' to 'float' requires a narrowing conversion
C:\Users\thoma\source\repos\gbEmu\tomBoy\tomboyApp\renderer_dx12.cpp(211,92): warning C4244: 'argument': conversion from 'const int32_t' to 'float', possible loss of data
C:\Users\thoma\source\repos\gbEmu\tomBoy\tomboyApp\renderer_dx12.cpp(211,70): warning C4244: 'argument': conversion from 'int32_t' to 'float', possible loss of data
C:\Users\thoma\source\repos\gbEmu\tomBoy\tomboyApp\renderer_dx12.cpp(259,61): error C2653: 'PPU': is not a class or namespace name
C:\Users\thoma\source\repos\gbEmu\tomBoy\tomboyApp\renderer_dx12.cpp(259,66): error C2065: 'ScreenWidth': undeclared identifier
C:\Users\thoma\source\repos\gbEmu\tomBoy\tomboyApp\renderer_dx12.cpp(259,17): error C2789: 'x1': an object of const-qualified type must be initialized
C:\Users\thoma\source\repos\gbEmu\tomBoy\tomboyApp\renderer_dx12.cpp(259): message : see declaration of 'x1'
C:\Users\thoma\source\repos\gbEmu\tomBoy\tomboyApp\renderer_dx12.cpp(261,61): error C2653: 'PPU': is not a class or namespace name
C:\Users\thoma\source\repos\gbEmu\tomBoy\tomboyApp\renderer_dx12.cpp(261,66): error C2065: 'ScreenHeight': undeclared identifier
C:\Users\thoma\source\repos\gbEmu\tomBoy\tomboyApp\renderer_dx12.cpp(261,17): error C2789: 'y1': an object of const-qualified type must be initialized
C:\Users\thoma\source\repos\gbEmu\tomBoy\tomboyApp\renderer_dx12.cpp(261): message : see declaration of 'y1'
C:\Users\thoma\source\repos\gbEmu\tomBoy\tomboyApp\renderer_dx12.cpp(411,35): error C2653: 'PPU': is not a class or namespace name
C:\Users\thoma\source\repos\gbEmu\tomBoy\tomboyApp\renderer_dx12.cpp(411,40): error C2065: 'ScreenWidth': undeclared identifier
C:\Users\thoma\source\repos\gbEmu\tomBoy\tomboyApp\renderer_dx12.cpp(411,53): error C2653: 'PPU': is not a class or namespace name
C:\Users\thoma\source\repos\gbEmu\tomBoy\tomboyApp\renderer_dx12.cpp(411,58): error C2065: 'ScreenHeight': undeclared identifier
C:\Users\thoma\source\repos\gbEmu\tomBoy\tomboyApp\renderer_dx12.cpp(412,39): error C2653: 'PPU': is not a class or namespace name
C:\Users\thoma\source\repos\gbEmu\tomBoy\tomboyApp\renderer_dx12.cpp(412,44): error C2065: 'NameTableWidthPixels': undeclared identifier
C:\Users\thoma\source\repos\gbEmu\tomBoy\tomboyApp\renderer_dx12.cpp(412,70): error C2653: 'PPU': is not a class or namespace name
C:\Users\thoma\source\repos\gbEmu\tomBoy\tomboyApp\renderer_dx12.cpp(412,75): error C2065: 'NameTableHeightPixels': undeclared identifier
C:\Users\thoma\source\repos\gbEmu\tomBoy\tomboyApp\renderer_dx12.cpp(584,2): error C2065: 'wtFrameResult': undeclared identifier
C:\Users\thoma\source\repos\gbEmu\tomBoy\tomboyApp\renderer_dx12.cpp(584,17): error C2065: 'fr': undeclared identifier
C:\Users\thoma\source\repos\gbEmu\tomBoy\tomboyApp\renderer_dx12.cpp(584,28): error C2039: 'frameResult': is not a member of 'wtAppInterface'
C:\Users\thoma\source\repos\gbEmu\tomBoy\tomboyApp\tomboyApp.h(62): message : see declaration of 'wtAppInterface'
C:\Users\thoma\source\repos\gbEmu\tomBoy\tomboyApp\renderer_dx12.cpp(589,30): error C2065: 'fr': undeclared identifier
C:\Users\thoma\source\repos\gbEmu\tomBoy\tomboyApp\renderer_dx12.cpp(590,30): error C2065: 'fr': undeclared identifier
C:\Users\thoma\source\repos\gbEmu\tomBoy\tomboyApp\renderer_dx12.cpp(591,30): error C2065: 'fr': undeclared identifier
C:\Users\thoma\source\repos\gbEmu\tomBoy\tomboyApp\renderer_dx12.cpp(592,30): error C2065: 'fr': undeclared identifier
C:\Users\thoma\source\repos\gbEmu\tomBoy\tomboyApp\renderer_dx12.cpp(593,30): error C2065: 'fr': undeclared identifier
C:\Users\thoma\source\repos\gbEmu\tomBoy\tomboyApp\renderer_dx12.cpp(594,30): error C2065: 'fr': undeclared identifier
  test.cpp
C:\Users\thoma\source\repos\gbEmu\tomBoy\tomboyApp\tomboyApp.h(112,28): error C3646: 'frameResult': unknown override specifier
C:\Users\thoma\source\repos\gbEmu\tomBoy\tomboyApp\tomboyApp.h(112,28): error C2143: syntax error: missing ',' before '['
C:\Users\thoma\source\repos\gbEmu\tomBoy\tomboyApp\tomboyApp.h(112,48): error C2238: unexpected token(s) preceding ';'
C:\Users\thoma\source\repos\gbEmu\tomBoy\tomboyApp\tomboyApp.h(115,35): error C3646: 'currentSoundBuffer': unknown override specifier
C:\Users\thoma\source\repos\gbEmu\tomBoy\tomboyApp\tomboyApp.h(115,35): error C4430: missing type specifier - int assumed. Note: C++ does not support default-int
C:\Users\thoma\source\repos\gbEmu\tomBoy\tomboyApp\tomboyApp.h(82,3): error C2065: 'currentSoundBuffer': undeclared identifier
C:\Users\thoma\source\repos\gbEmu\tomBoy\tomboyApp\tomboyApp.h(211,21): error C4430: missing type specifier - int assumed. Note: C++ does not support default-int
C:\Users\thoma\source\repos\gbEmu\tomBoy\tomboyApp\tomboyApp.h(211,21): error C2143: syntax error: missing ';' before '*'
C:\Users\thoma\source\repos\gbEmu\tomBoy\tomboyApp\tomboyApp.h(211,23): error C2065: 'quque': undeclared identifier
C:\Users\thoma\source\repos\gbEmu\tomBoy\tomboyApp\tomboyApp.h(211,61): error C2061: syntax error: identifier 'wtSampleQueue'
C:\Users\thoma\source\repos\gbEmu\tomBoy\tomboyApp\tomboyApp.h(212,9): error C2065: 'quque': undeclared identifier
C:\Users\thoma\source\repos\gbEmu\tomBoy\tomboyApp\test.cpp(6,29): error C4430: missing type specifier - int assumed. Note: C++ does not support default-int
C:\Users\thoma\source\repos\gbEmu\tomBoy\tomboyApp\test.cpp(6,23): error C2146: syntax error: missing ';' before identifier 'testFr'
C:\Users\thoma\source\repos\gbEmu\tomBoy\tomboyApp\test.cpp(6,23): error C2065: 'testFr': undeclared identifier
C:\Users\thoma\source\repos\gbEmu\tomBoy\tomboyApp\test.cpp(7,12): error C2027: use of undefined type 'wtSystem'
C:\Users\thoma\source\repos\gbEmu\tomBoy\tomboyCore\interface.h(37): message : see declaration of 'wtSystem'
C:\Users\thoma\source\repos\gbEmu\tomBoy\tomboyApp\test.cpp(7,22): error C3861: 'InitConfig': identifier not found
C:\Users\thoma\source\repos\gbEmu\tomBoy\tomboyApp\test.cpp(8,14): error C2039: 'Init': is not a member of 'GameboySystem'
C:\Users\thoma\source\repos\gbEmu\tomBoy\tomboyCore\gbSystem.h(10): message : see declaration of 'GameboySystem'
C:\Users\thoma\source\repos\gbEmu\tomBoy\tomboyApp\test.cpp(9,14): error C2039: 'SetConfig': is not a member of 'GameboySystem'
C:\Users\thoma\source\repos\gbEmu\tomBoy\tomboyCore\gbSystem.h(10): message : see declaration of 'GameboySystem'
C:\Users\thoma\source\repos\gbEmu\tomBoy\tomboyApp\test.cpp(14,14): error C2039: 'SubmitCommand': is not a member of 'GameboySystem'
C:\Users\thoma\source\repos\gbEmu\tomBoy\tomboyCore\gbSystem.h(10): message : see declaration of 'GameboySystem'
C:\Users\thoma\source\repos\gbEmu\tomBoy\tomboyApp\test.cpp(16,14): error C2039: 'Run': is not a member of 'GameboySystem'
C:\Users\thoma\source\repos\gbEmu\tomBoy\tomboyCore\gbSystem.h(10): message : see declaration of 'GameboySystem'
C:\Users\thoma\source\repos\gbEmu\tomBoy\tomboyApp\test.cpp(17,14): error C2039: 'GetFrameResult': is not a member of 'GameboySystem'
C:\Users\thoma\source\repos\gbEmu\tomBoy\tomboyCore\gbSystem.h(10): message : see declaration of 'GameboySystem'
C:\Users\thoma\source\repos\gbEmu\tomBoy\tomboyApp\test.cpp(17,30): error C2065: 'testFr': undeclared identifier
C:\Users\thoma\source\repos\gbEmu\tomBoy\tomboyApp\test.cpp(20,25): error C2065: 'testFr': undeclared identifier
C:\Users\thoma\source\repos\gbEmu\tomBoy\tomboyApp\test.cpp(21,2): error C2065: 'testFr': undeclared identifier
C:\Users\thoma\source\repos\gbEmu\tomBoy\tomboyApp\test.cpp(21,39): error C2065: 'testFr': undeclared identifier
  tomboyApp.cpp
C:\Users\thoma\source\repos\gbEmu\tomBoy\tomboyApp\tomboyApp.h(112,28): error C3646: 'frameResult': unknown override specifier
C:\Users\thoma\source\repos\gbEmu\tomBoy\tomboyApp\tomboyApp.h(112,28): error C2143: syntax error: missing ',' before '['
C:\Users\thoma\source\repos\gbEmu\tomBoy\tomboyApp\tomboyApp.h(112,48): error C2238: unexpected token(s) preceding ';'
C:\Users\thoma\source\repos\gbEmu\tomBoy\tomboyApp\tomboyApp.h(115,35): error C3646: 'currentSoundBuffer': unknown override specifier
C:\Users\thoma\source\repos\gbEmu\tomBoy\tomboyApp\tomboyApp.h(115,35): error C4430: missing type specifier - int assumed. Note: C++ does not support default-int
C:\Users\thoma\source\repos\gbEmu\tomBoy\tomboyApp\tomboyApp.h(82,3): error C2065: 'currentSoundBuffer': undeclared identifier
C:\Users\thoma\source\repos\gbEmu\tomBoy\tomboyApp\tomboyApp.h(211,21): error C4430: missing type specifier - int assumed. Note: C++ does not support default-int
C:\Users\thoma\source\repos\gbEmu\tomBoy\tomboyApp\tomboyApp.h(211,21): error C2143: syntax error: missing ';' before '*'
C:\Users\thoma\source\repos\gbEmu\tomBoy\tomboyApp\tomboyApp.h(211,23): error C2065: 'quque': undeclared identifier
C:\Users\thoma\source\repos\gbEmu\tomBoy\tomboyApp\tomboyApp.h(211,61): error C2061: syntax error: identifier 'wtSampleQueue'
C:\Users\thoma\source\repos\gbEmu\tomBoy\tomboyApp\tomboyApp.h(212,9): error C2065: 'quque': undeclared identifier
C:\Users\thoma\source\repos\gbEmu\tomBoy\tomboyApp\renderer_d3d12.h(81,36): error C2653: 'PPU': is not a class or namespace name
C:\Users\thoma\source\repos\gbEmu\tomBoy\tomboyApp\renderer_d3d12.h(81,41): error C2065: 'ScreenWidth': undeclared identifier
C:\Users\thoma\source\repos\gbEmu\tomBoy\tomboyApp\renderer_d3d12.h(81,41): error C2131: expression did not evaluate to a constant
C:\Users\thoma\source\repos\gbEmu\tomBoy\tomboyApp\renderer_d3d12.h(81,41): message : a non-constant (sub-)expression was encountered
C:\Users\thoma\source\repos\gbEmu\tomBoy\tomboyApp\renderer_d3d12.h(82,37): error C2653: 'PPU': is not a class or namespace name
C:\Users\thoma\source\repos\gbEmu\tomBoy\tomboyApp\renderer_d3d12.h(82,42): error C2065: 'ScreenHeight': undeclared identifier
C:\Users\thoma\source\repos\gbEmu\tomBoy\tomboyApp\renderer_d3d12.h(82,42): error C2131: expression did not evaluate to a constant
C:\Users\thoma\source\repos\gbEmu\tomBoy\tomboyApp\renderer_d3d12.h(82,42): message : a non-constant (sub-)expression was encountered
C:\Users\thoma\source\repos\gbEmu\tomBoy\tomboyApp\renderer_d3d12.h(84,56): error C2653: 'PPU': is not a class or namespace name
C:\Users\thoma\source\repos\gbEmu\tomBoy\tomboyApp\renderer_d3d12.h(84,61): error C2065: 'ScreenHeight': undeclared identifier
C:\Users\thoma\source\repos\gbEmu\tomBoy\tomboyApp\renderer_d3d12.h(87,65): error C2131: expression did not evaluate to a constant
C:\Users\thoma\source\repos\gbEmu\tomBoy\tomboyApp\renderer_d3d12.h(87,56): message : failure was caused by non-constant arguments or reference to a non-constant symbol
C:\Users\thoma\source\repos\gbEmu\tomBoy\tomboyApp\renderer_d3d12.h(87,56): message : see usage of 'nesWidth'
C:\Users\thoma\source\repos\gbEmu\tomBoy\tomboyApp\renderer_d3d12.h(88,67): error C2131: expression did not evaluate to a constant
C:\Users\thoma\source\repos\gbEmu\tomBoy\tomboyApp\renderer_d3d12.h(88,57): message : failure was caused by non-constant arguments or reference to a non-constant symbol
C:\Users\thoma\source\repos\gbEmu\tomBoy\tomboyApp\renderer_d3d12.h(88,57): message : see usage of 'nesHeight'
C:\Users\thoma\source\repos\gbEmu\tomBoy\tomboyApp\tomboyApp.cpp(28,16): error C2079: 'audio' uses undefined struct 'wtAudioEngine'
C:\Users\thoma\source\repos\gbEmu\tomBoy\tomboyApp\tomboyApp.cpp(29,12): error C2079: 'sys' uses undefined class 'wtSystem'
C:\Users\thoma\source\repos\gbEmu\tomBoy\tomboyApp\tomboyApp.cpp(59,37): error C2440: 'initializing': cannot convert from 'GameboySystem' to 'wtSystem &'
C:\Users\thoma\source\repos\gbEmu\tomBoy\tomboyApp\tomboyApp.cpp(77,14): error C2027: use of undefined type 'wtSystem'
C:\Users\thoma\source\repos\gbEmu\tomBoy\tomboyCore\interface.h(37): message : see declaration of 'wtSystem'
C:\Users\thoma\source\repos\gbEmu\tomBoy\tomboyApp\tomboyApp.cpp(77,24): error C3861: 'InitConfig': identifier not found
C:\Users\thoma\source\repos\gbEmu\tomBoy\tomboyApp\tomboyApp.cpp(78,13): error C2027: use of undefined type 'wtSystem'
C:\Users\thoma\source\repos\gbEmu\tomBoy\tomboyCore\interface.h(37): message : see declaration of 'wtSystem'
C:\Users\thoma\source\repos\gbEmu\tomBoy\tomboyApp\tomboyApp.cpp(79,13): error C2027: use of undefined type 'wtSystem'
C:\Users\thoma\source\repos\gbEmu\tomBoy\tomboyCore\interface.h(37): message : see declaration of 'wtSystem'
C:\Users\thoma\source\repos\gbEmu\tomBoy\tomboyApp\tomboyApp.cpp(80,13): error C2027: use of undefined type 'wtSystem'
C:\Users\thoma\source\repos\gbEmu\tomBoy\tomboyCore\interface.h(37): message : see declaration of 'wtSystem'
C:\Users\thoma\source\repos\gbEmu\tomBoy\tomboyApp\tomboyApp.cpp(81,13): error C2027: use of undefined type 'wtSystem'
C:\Users\thoma\source\repos\gbEmu\tomBoy\tomboyCore\interface.h(37): message : see declaration of 'wtSystem'
C:\Users\thoma\source\repos\gbEmu\tomBoy\tomboyApp\tomboyApp.cpp(108,13): error C2027: use of undefined type 'wtSystem'
C:\Users\thoma\source\repos\gbEmu\tomBoy\tomboyCore\interface.h(37): message : see declaration of 'wtSystem'
C:\Users\thoma\source\repos\gbEmu\tomBoy\tomboyApp\tomboyApp.cpp(114,6): error C2027: use of undefined type 'wtSystem'
C:\Users\thoma\source\repos\gbEmu\tomBoy\tomboyCore\interface.h(37): message : see declaration of 'wtSystem'
C:\Users\thoma\source\repos\gbEmu\tomBoy\tomboyApp\tomboyApp.cpp(121,3): error C2065: 'wtFrameResult': undeclared identifier
C:\Users\thoma\source\repos\gbEmu\tomBoy\tomboyApp\tomboyApp.cpp(121,18): error C2065: 'fr': undeclared identifier
C:\Users\thoma\source\repos\gbEmu\tomBoy\tomboyApp\tomboyApp.cpp(121,27): error C2039: 'frameResult': is not a member of 'wtAppInterface'
C:\Users\thoma\source\repos\gbEmu\tomBoy\tomboyApp\tomboyApp.h(62): message : see declaration of 'wtAppInterface'
C:\Users\thoma\source\repos\gbEmu\tomBoy\tomboyApp\tomboyApp.cpp(124,12): error C2027: use of undefined type 'wtSystem'
C:\Users\thoma\source\repos\gbEmu\tomBoy\tomboyCore\interface.h(37): message : see declaration of 'wtSystem'
C:\Users\thoma\source\repos\gbEmu\tomBoy\tomboyApp\tomboyApp.cpp(124,29): error C2065: 'fr': undeclared identifier
C:\Users\thoma\source\repos\gbEmu\tomBoy\tomboyApp\tomboyApp.cpp(152,3): error C2065: 'wtFrameResult': undeclared identifier
C:\Users\thoma\source\repos\gbEmu\tomBoy\tomboyApp\tomboyApp.cpp(152,18): error C2065: 'fr': undeclared identifier
C:\Users\thoma\source\repos\gbEmu\tomBoy\tomboyApp\tomboyApp.cpp(152,28): error C2039: 'frameResult': is not a member of 'wtAppInterface'
C:\Users\thoma\source\repos\gbEmu\tomBoy\tomboyApp\tomboyApp.h(62): message : see declaration of 'wtAppInterface'
C:\Users\thoma\source\repos\gbEmu\tomBoy\tomboyApp\tomboyApp.cpp(153,9): error C2065: 'fr': undeclared identifier
C:\Users\thoma\source\repos\gbEmu\tomBoy\tomboyApp\tomboyApp.cpp(153,37): error C2065: 'fr': undeclared identifier
C:\Users\thoma\source\repos\gbEmu\tomBoy\tomboyApp\tomboyApp.cpp(170,23): error C2065: 'fr': undeclared identifier
C:\Users\thoma\source\repos\gbEmu\tomBoy\tomboyApp\tomboyApp.cpp(193,5): error C2065: 'voiceCallback': undeclared identifier
C:\Users\thoma\source\repos\gbEmu\tomBoy\tomboyApp\tomboyApp.cpp(194,5): error C2065: 'voiceCallback': undeclared identifier
C:\Users\thoma\source\repos\gbEmu\tomBoy\tomboyApp\tomboyApp.cpp(195,5): error C2065: 'voiceCallback': undeclared identifier
C:\Users\thoma\source\repos\gbEmu\tomBoy\tomboyApp\tomboyApp.cpp(206,3): error C2065: 'wtFrameResult': undeclared identifier
C:\Users\thoma\source\repos\gbEmu\tomBoy\tomboyApp\tomboyApp.cpp(206,18): error C2065: 'fr': undeclared identifier
C:\Users\thoma\source\repos\gbEmu\tomBoy\tomboyApp\tomboyApp.cpp(206,27): error C2039: 'frameResult': is not a member of 'wtAppInterface'
C:\Users\thoma\source\repos\gbEmu\tomBoy\tomboyApp\tomboyApp.h(62): message : see declaration of 'wtAppInterface'
C:\Users\thoma\source\repos\gbEmu\tomBoy\tomboyApp\tomboyApp.cpp(208,29): error C2027: use of undefined type 'wtAudioEngine'
C:\Users\thoma\source\repos\gbEmu\tomBoy\tomboyApp\tomboyApp.h(35): message : see declaration of 'wtAudioEngine'
C:\Users\thoma\source\repos\gbEmu\tomBoy\tomboyApp\tomboyApp.cpp(208,18): error C2789: 'log': an object of const-qualified type must be initialized
C:\Users\thoma\source\repos\gbEmu\tomBoy\tomboyApp\tomboyApp.cpp(208): message : see declaration of 'log'
C:\Users\thoma\source\repos\gbEmu\tomBoy\tomboyApp\tomboyApp.cpp(210,12): error C2065: 'fr': undeclared identifier
C:\Users\thoma\source\repos\gbEmu\tomBoy\tomboyApp\tomboyApp.cpp(210,4): error C3861: 'LogApu': identifier not found
C:\Users\thoma\source\repos\gbEmu\tomBoy\tomboyApp\tomboyApp.cpp(214,7): error C2065: 'fr': undeclared identifier
C:\Users\thoma\source\repos\gbEmu\tomBoy\tomboyApp\tomboyApp.cpp(216,25): error C2065: 'fr': undeclared identifier
C:\Users\thoma\source\repos\gbEmu\tomBoy\tomboyApp\tomboyApp.cpp(236,35): error C2440: 'initializing': cannot convert from 'GameboySystem' to 'wtSystem &'
C:\Users\thoma\source\repos\gbEmu\tomBoy\tomboyApp\tomboyApp.cpp(242,3): error C2065: 'wtFrameResult': undeclared identifier
C:\Users\thoma\source\repos\gbEmu\tomBoy\tomboyApp\tomboyApp.cpp(242,18): error C2065: 'fr': undeclared identifier
C:\Users\thoma\source\repos\gbEmu\tomBoy\tomboyApp\tomboyApp.cpp(242,27): error C2039: 'frameResult': is not a member of 'wtAppInterface'
C:\Users\thoma\source\repos\gbEmu\tomBoy\tomboyApp\tomboyApp.h(62): message : see declaration of 'wtAppInterface'
C:\Users\thoma\source\repos\gbEmu\tomBoy\tomboyApp\tomboyApp.cpp(243,10): error C2065: 'fr': undeclared identifier
C:\Users\thoma\source\repos\gbEmu\tomBoy\tomboyApp\tomboyApp.cpp(243,56): error C2065: 'fr': undeclared identifier
C:\Users\thoma\source\repos\gbEmu\tomBoy\tomboyApp\tomboyApp.cpp(246,32): error C2065: 'fr': undeclared identifier
C:\Users\thoma\source\repos\gbEmu\tomBoy\tomboyApp\tomboyApp.cpp(247,4): error C2065: 'fr': undeclared identifier
C:\Users\thoma\source\repos\gbEmu\tomBoy\tomboyApp\tomboyApp.cpp(247,42): error C2065: 'fr': undeclared identifier
C:\Users\thoma\source\repos\gbEmu\tomBoy\tomboyApp\tomboyApp.cpp(251,9): error C2065: 'fr': undeclared identifier
C:\Users\thoma\source\repos\gbEmu\tomBoy\tomboyApp\tomboyApp.cpp(253,13): error C2027: use of undefined type 'wtSystem'
C:\Users\thoma\source\repos\gbEmu\tomBoy\tomboyCore\interface.h(37): message : see declaration of 'wtSystem'
C:\Users\thoma\source\repos\gbEmu\tomBoy\tomboyApp\tomboyApp.cpp(258,14): error C2027: use of undefined type 'wtSystem'
C:\Users\thoma\source\repos\gbEmu\tomBoy\tomboyCore\interface.h(37): message : see declaration of 'wtSystem'
C:\Users\thoma\source\repos\gbEmu\tomBoy\tomboyApp\tomboyApp.cpp(283,22): error C2440: '=': cannot convert from 'int *' to 'wtAudioEngine *'
C:\Users\thoma\source\repos\gbEmu\tomBoy\tomboyApp\tomboyApp.cpp(283,16): message : Types pointed to are unrelated; conversion requires reinterpret_cast, C-style cast or function-style cast
C:\Users\thoma\source\repos\gbEmu\tomBoy\tomboyApp\tomboyApp.cpp(284,21): error C2440: '=': cannot convert from 'int *' to 'GameboySystem *'
C:\Users\thoma\source\repos\gbEmu\tomBoy\tomboyApp\tomboyApp.cpp(284,17): message : Types pointed to are unrelated; conversion requires reinterpret_cast, C-style cast or function-style cast
C:\Users\thoma\source\repos\gbEmu\tomBoy\tomboyApp\tomboyApp.cpp(341,31): error C2039: 'GetInput': is not a member of 'GameboySystem'
C:\Users\thoma\source\repos\gbEmu\tomBoy\tomboyCore\gbSystem.h(10): message : see declaration of 'GameboySystem'
C:\Users\thoma\source\repos\gbEmu\tomBoy\tomboyApp\tomboyApp.cpp(425,17): error C2039: 'SubmitCommand': is not a member of 'GameboySystem'
C:\Users\thoma\source\repos\gbEmu\tomBoy\tomboyCore\gbSystem.h(10): message : see declaration of 'GameboySystem'
C:\Users\thoma\source\repos\gbEmu\tomBoy\tomboyApp\tomboyApp.cpp(432,17): error C2039: 'SubmitCommand': is not a member of 'GameboySystem'
C:\Users\thoma\source\repos\gbEmu\tomBoy\tomboyCore\gbSystem.h(10): message : see declaration of 'GameboySystem'
C:\Users\thoma\source\repos\gbEmu\tomBoy\tomboyApp\tomboyApp.cpp(473,16): error C2039: 'GetInput': is not a member of 'GameboySystem'
C:\Users\thoma\source\repos\gbEmu\tomBoy\tomboyCore\gbSystem.h(10): message : see declaration of 'GameboySystem'
C:\Users\thoma\source\repos\gbEmu\tomBoy\tomboyApp\tomboyApp.cpp(501,15): error C2039: 'GetInput': is not a member of 'GameboySystem'
C:\Users\thoma\source\repos\gbEmu\tomBoy\tomboyCore\gbSystem.h(10): message : see declaration of 'GameboySystem'
C:\Users\thoma\source\repos\gbEmu\tomBoy\tomboyApp\tomboyApp.cpp(512,15): error C2039: 'GetInput': is not a member of 'GameboySystem'
C:\Users\thoma\source\repos\gbEmu\tomBoy\tomboyCore\gbSystem.h(10): message : see declaration of 'GameboySystem'
  Generating Code...
